This is pdfTeX, Version 3.141592653-2.6-1.40.25 (TeX Live 2023/Arch Linux) (preloaded format=pdflatex 2023.5.26)  30 MAY 2023 15:34
entering extended mode
 restricted \write18 enabled.
 %&-line parsing enabled.
**nwt2ue4_Jakob_Mayr/nwt2ue4_Thomas_Brandstetter_Jakob_Mayr.tex
(./nwt2ue4_Jakob_Mayr/nwt2ue4_Thomas_Brandstetter_Jakob_Mayr.tex
LaTeX2e <2022-11-01> patch level 1
L3 programming layer <2023-02-22>)
*
! Emergency stop.
<*> 
    
End of file on the terminal!

 
Here is how much of TeX's memory you used:
 17 strings out of 476025
 575 string characters out of 5796532
 1849388 words of memory out of 5000000
 20569 multiletter control sequences out of 15000+600000
 512287 words of font info for 32 fonts, out of 8000000 for 9000
 1141 hyphenation exceptions out of 8191
 13i,0n,12p,93b,10s stack positions out of 5000i,500n,10000p,200000b,80000s
!  ==> Fatal error occurred, no output PDF file produced!
