This is pdfTeX, Version 3.141592653-2.6-1.40.25 (TeX Live 2023/Arch Linux) (preloaded format=pdflatex 2023.5.26)  8 JUN 2023 22:26
entering extended mode
 restricted \write18 enabled.
 %&-line parsing enabled.
**nwt2ue5_Thomas_Brandstetter_Jakob_Mayr.tex
(./nwt2ue5_Thomas_Brandstetter_Jakob_Mayr.tex
LaTeX2e <2022-11-01> patch level 1
L3 programming layer <2023-02-22>
(/usr/share/texmf-dist/tex/latex/base/article.cls
Document Class: article 2022/07/02 v1.4n Standard LaTeX document class
(/usr/share/texmf-dist/tex/latex/base/size10.clo
File: size10.clo 2022/07/02 v1.4n Standard LaTeX file (size option)
)
\c@part=\count185
\c@section=\count186
\c@subsection=\count187
\c@subsubsection=\count188
\c@paragraph=\count189
\c@subparagraph=\count190
\c@figure=\count191
\c@table=\count192
\abovecaptionskip=\skip48
\belowcaptionskip=\skip49
\bibindent=\dimen140
)
(/usr/share/texmf-dist/tex/generic/babel/babel.sty
Package: babel 2023/02/13 3.86 The Babel package
\babel@savecnt=\count193
\U@D=\dimen141
\l@unhyphenated=\language87

(/usr/share/texmf-dist/tex/generic/babel/txtbabel.def)
\bbl@readstream=\read2
\bbl@dirlevel=\count194

(/usr/share/texmf-dist/tex/generic/babel-german/german.ldf
Language: german 2021/02/27 v2.13 German support for babel (pre-1996 orthograph
y)

(/usr/share/texmf-dist/tex/generic/babel-german/germanb.ldf
Language: germanb 2021/02/27 v2.13 German support for babel (pre-1996 orthograp
hy)
Package babel Info: Making " an active character on input line 139.
)))
(/usr/share/texmf-dist/tex/generic/babel/locale/de/babel-german.tex
Package babel Info: Importing font and identification data for german
(babel)             from babel-de-1901.ini. Reported on input line 25.
)
(/usr/share/texmf-dist/tex/latex/tools/array.sty
Package: array 2022/09/04 v2.5g Tabular extension package (FMi)
\col@sep=\dimen142
\ar@mcellbox=\box51
\extrarowheight=\dimen143
\NC@list=\toks16
\extratabsurround=\skip50
\backup@length=\skip51
\ar@cellbox=\box52
)
(/usr/share/texmf-dist/tex/latex/geometry/geometry.sty
Package: geometry 2020/01/02 v5.9 Page Geometry

(/usr/share/texmf-dist/tex/latex/graphics/keyval.sty
Package: keyval 2022/05/29 v1.15 key=value parser (DPC)
\KV@toks@=\toks17
)
(/usr/share/texmf-dist/tex/generic/iftex/ifvtex.sty
Package: ifvtex 2019/10/25 v1.7 ifvtex legacy package. Use iftex instead.

(/usr/share/texmf-dist/tex/generic/iftex/iftex.sty
Package: iftex 2022/02/03 v1.0f TeX engine tests
))
\Gm@cnth=\count195
\Gm@cntv=\count196
\c@Gm@tempcnt=\count197
\Gm@bindingoffset=\dimen144
\Gm@wd@mp=\dimen145
\Gm@odd@mp=\dimen146
\Gm@even@mp=\dimen147
\Gm@layoutwidth=\dimen148
\Gm@layoutheight=\dimen149
\Gm@layouthoffset=\dimen150
\Gm@layoutvoffset=\dimen151
\Gm@dimlist=\toks18
)
(/usr/share/texmf-dist/tex/latex/amsmath/amsmath.sty
Package: amsmath 2022/04/08 v2.17n AMS math features
\@mathmargin=\skip52

For additional information on amsmath, use the `?' option.
(/usr/share/texmf-dist/tex/latex/amsmath/amstext.sty
Package: amstext 2021/08/26 v2.01 AMS text

(/usr/share/texmf-dist/tex/latex/amsmath/amsgen.sty
File: amsgen.sty 1999/11/30 v2.0 generic functions
\@emptytoks=\toks19
\ex@=\dimen152
))
(/usr/share/texmf-dist/tex/latex/amsmath/amsbsy.sty
Package: amsbsy 1999/11/29 v1.2d Bold Symbols
\pmbraise@=\dimen153
)
(/usr/share/texmf-dist/tex/latex/amsmath/amsopn.sty
Package: amsopn 2022/04/08 v2.04 operator names
)
\inf@bad=\count198
LaTeX Info: Redefining \frac on input line 234.
\uproot@=\count199
\leftroot@=\count266
LaTeX Info: Redefining \overline on input line 399.
LaTeX Info: Redefining \colon on input line 410.
\classnum@=\count267
\DOTSCASE@=\count268
LaTeX Info: Redefining \ldots on input line 496.
LaTeX Info: Redefining \dots on input line 499.
LaTeX Info: Redefining \cdots on input line 620.
\Mathstrutbox@=\box53
\strutbox@=\box54
LaTeX Info: Redefining \big on input line 722.
LaTeX Info: Redefining \Big on input line 723.
LaTeX Info: Redefining \bigg on input line 724.
LaTeX Info: Redefining \Bigg on input line 725.
\big@size=\dimen154
LaTeX Font Info:    Redeclaring font encoding OML on input line 743.
LaTeX Font Info:    Redeclaring font encoding OMS on input line 744.
\macc@depth=\count269
LaTeX Info: Redefining \bmod on input line 905.
LaTeX Info: Redefining \pmod on input line 910.
LaTeX Info: Redefining \smash on input line 940.
LaTeX Info: Redefining \relbar on input line 970.
LaTeX Info: Redefining \Relbar on input line 971.
\c@MaxMatrixCols=\count270
\dotsspace@=\muskip16
\c@parentequation=\count271
\dspbrk@lvl=\count272
\tag@help=\toks20
\row@=\count273
\column@=\count274
\maxfields@=\count275
\andhelp@=\toks21
\eqnshift@=\dimen155
\alignsep@=\dimen156
\tagshift@=\dimen157
\tagwidth@=\dimen158
\totwidth@=\dimen159
\lineht@=\dimen160
\@envbody=\toks22
\multlinegap=\skip53
\multlinetaggap=\skip54
\mathdisplay@stack=\toks23
LaTeX Info: Redefining \[ on input line 2953.
LaTeX Info: Redefining \] on input line 2954.
)
(/usr/share/texmf-dist/tex/latex/graphics/graphicx.sty
Package: graphicx 2021/09/16 v1.2d Enhanced LaTeX Graphics (DPC,SPQR)

(/usr/share/texmf-dist/tex/latex/graphics/graphics.sty
Package: graphics 2022/03/10 v1.4e Standard LaTeX Graphics (DPC,SPQR)

(/usr/share/texmf-dist/tex/latex/graphics/trig.sty
Package: trig 2021/08/11 v1.11 sin cos tan (DPC)
)
(/usr/share/texmf-dist/tex/latex/graphics-cfg/graphics.cfg
File: graphics.cfg 2016/06/04 v1.11 sample graphics configuration
)
Package graphics Info: Driver file: pdftex.def on input line 107.

(/usr/share/texmf-dist/tex/latex/graphics-def/pdftex.def
File: pdftex.def 2022/09/22 v1.2b Graphics/color driver for pdftex
))
\Gin@req@height=\dimen161
\Gin@req@width=\dimen162
)
(/usr/share/texmf-dist/tex/latex/caption/subcaption.sty
Package: subcaption 2023/02/19 v1.6 Sub-captions (AR)

(/usr/share/texmf-dist/tex/latex/caption/caption.sty
Package: caption 2023/03/12 v3.6j Customizing captions (AR)

(/usr/share/texmf-dist/tex/latex/caption/caption3.sty
Package: caption3 2023/03/12 v2.4 caption3 kernel (AR)
\caption@tempdima=\dimen163
\captionmargin=\dimen164
\caption@leftmargin=\dimen165
\caption@rightmargin=\dimen166
\caption@width=\dimen167
\caption@indent=\dimen168
\caption@parindent=\dimen169
\caption@hangindent=\dimen170
Package caption Info: Standard document class detected.
)
\c@caption@flags=\count276
\c@continuedfloat=\count277
)
Package caption Info: New subtype `subfigure' on input line 239.
\c@subfigure=\count278
Package caption Info: New subtype `subtable' on input line 239.
\c@subtable=\count279
)
(/usr/share/texmf-dist/tex/latex/hyperref/hyperref.sty
Package: hyperref 2023-02-07 v7.00v Hypertext links for LaTeX

(/usr/share/texmf-dist/tex/generic/ltxcmds/ltxcmds.sty
Package: ltxcmds 2020-05-10 v1.25 LaTeX kernel commands for general use (HO)
)
(/usr/share/texmf-dist/tex/generic/pdftexcmds/pdftexcmds.sty
Package: pdftexcmds 2020-06-27 v0.33 Utility functions of pdfTeX for LuaTeX (HO
)

(/usr/share/texmf-dist/tex/generic/infwarerr/infwarerr.sty
Package: infwarerr 2019/12/03 v1.5 Providing info/warning/error messages (HO)
)
Package pdftexcmds Info: \pdf@primitive is available.
Package pdftexcmds Info: \pdf@ifprimitive is available.
Package pdftexcmds Info: \pdfdraftmode found.
)
(/usr/share/texmf-dist/tex/latex/kvsetkeys/kvsetkeys.sty
Package: kvsetkeys 2022-10-05 v1.19 Key value parser (HO)
)
(/usr/share/texmf-dist/tex/generic/kvdefinekeys/kvdefinekeys.sty
Package: kvdefinekeys 2019-12-19 v1.6 Define keys (HO)
)
(/usr/share/texmf-dist/tex/generic/pdfescape/pdfescape.sty
Package: pdfescape 2019/12/09 v1.15 Implements pdfTeX's escape features (HO)
)
(/usr/share/texmf-dist/tex/latex/hycolor/hycolor.sty
Package: hycolor 2020-01-27 v1.10 Color options for hyperref/bookmark (HO)
)
(/usr/share/texmf-dist/tex/latex/letltxmacro/letltxmacro.sty
Package: letltxmacro 2019/12/03 v1.6 Let assignment for LaTeX macros (HO)
)
(/usr/share/texmf-dist/tex/latex/auxhook/auxhook.sty
Package: auxhook 2019-12-17 v1.6 Hooks for auxiliary files (HO)
)
(/usr/share/texmf-dist/tex/latex/hyperref/nameref.sty
Package: nameref 2022-05-17 v2.50 Cross-referencing by name of section

(/usr/share/texmf-dist/tex/latex/refcount/refcount.sty
Package: refcount 2019/12/15 v3.6 Data extraction from label references (HO)
)
(/usr/share/texmf-dist/tex/generic/gettitlestring/gettitlestring.sty
Package: gettitlestring 2019/12/15 v1.6 Cleanup title references (HO)

(/usr/share/texmf-dist/tex/latex/kvoptions/kvoptions.sty
Package: kvoptions 2022-06-15 v3.15 Key value format for package options (HO)
))
\c@section@level=\count280
)
\@linkdim=\dimen171
\Hy@linkcounter=\count281
\Hy@pagecounter=\count282

(/usr/share/texmf-dist/tex/latex/hyperref/pd1enc.def
File: pd1enc.def 2023-02-07 v7.00v Hyperref: PDFDocEncoding definition (HO)
Now handling font encoding PD1 ...
... no UTF-8 mapping file for font encoding PD1
)
(/usr/share/texmf-dist/tex/generic/intcalc/intcalc.sty
Package: intcalc 2019/12/15 v1.3 Expandable calculations with integers (HO)
)
(/usr/share/texmf-dist/tex/generic/etexcmds/etexcmds.sty
Package: etexcmds 2019/12/15 v1.7 Avoid name clashes with e-TeX commands (HO)
)
\Hy@SavedSpaceFactor=\count283

(/usr/share/texmf-dist/tex/latex/hyperref/puenc.def
File: puenc.def 2023-02-07 v7.00v Hyperref: PDF Unicode definition (HO)
Now handling font encoding PU ...
... no UTF-8 mapping file for font encoding PU
)
Package hyperref Info: Option `colorlinks' set `true' on input line 4060.
Package hyperref Info: Hyper figures OFF on input line 4177.
Package hyperref Info: Link nesting OFF on input line 4182.
Package hyperref Info: Hyper index ON on input line 4185.
Package hyperref Info: Plain pages OFF on input line 4192.
Package hyperref Info: Backreferencing OFF on input line 4197.
Package hyperref Info: Implicit mode ON; LaTeX internals redefined.
Package hyperref Info: Bookmarks ON on input line 4425.
\c@Hy@tempcnt=\count284

(/usr/share/texmf-dist/tex/latex/url/url.sty
\Urlmuskip=\muskip17
Package: url 2013/09/16  ver 3.4  Verb mode for urls, etc.
)
LaTeX Info: Redefining \url on input line 4763.
\XeTeXLinkMargin=\dimen172

(/usr/share/texmf-dist/tex/generic/bitset/bitset.sty
Package: bitset 2019/12/09 v1.3 Handle bit-vector datatype (HO)

(/usr/share/texmf-dist/tex/generic/bigintcalc/bigintcalc.sty
Package: bigintcalc 2019/12/15 v1.5 Expandable calculations on big integers (HO
)
))
\Fld@menulength=\count285
\Field@Width=\dimen173
\Fld@charsize=\dimen174
Package hyperref Info: Hyper figures OFF on input line 6042.
Package hyperref Info: Link nesting OFF on input line 6047.
Package hyperref Info: Hyper index ON on input line 6050.
Package hyperref Info: backreferencing OFF on input line 6057.
Package hyperref Info: Link coloring ON on input line 6060.
Package hyperref Info: Link coloring with OCG OFF on input line 6067.
Package hyperref Info: PDF/A mode OFF on input line 6072.

(/usr/share/texmf-dist/tex/latex/base/atbegshi-ltx.sty
Package: atbegshi-ltx 2021/01/10 v1.0c Emulation of the original atbegshi
package with kernel methods
)
\Hy@abspage=\count286
\c@Item=\count287
\c@Hfootnote=\count288
)
Package hyperref Info: Driver (autodetected): hpdftex.

(/usr/share/texmf-dist/tex/latex/hyperref/hpdftex.def
File: hpdftex.def 2023-02-07 v7.00v Hyperref driver for pdfTeX

(/usr/share/texmf-dist/tex/latex/base/atveryend-ltx.sty
Package: atveryend-ltx 2020/08/19 v1.0a Emulation of the original atveryend pac
kage
with kernel methods
)
\Fld@listcount=\count289
\c@bookmark@seq@number=\count290

(/usr/share/texmf-dist/tex/latex/rerunfilecheck/rerunfilecheck.sty
Package: rerunfilecheck 2022-07-10 v1.10 Rerun checks for auxiliary files (HO)

(/usr/share/texmf-dist/tex/generic/uniquecounter/uniquecounter.sty
Package: uniquecounter 2019/12/15 v1.4 Provide unlimited unique counter (HO)
)
Package uniquecounter Info: New unique counter `rerunfilecheck' on input line 2
85.
)
\Hy@SectionHShift=\skip55
)
(/usr/share/texmf-dist/tex/latex/base/fontenc.sty
Package: fontenc 2021/04/29 v2.0v Standard LaTeX package
)
(/usr/share/texmf-dist/tex/latex/tools/tabularx.sty
Package: tabularx 2020/01/15 v2.11c `tabularx' package (DPC)
\TX@col@width=\dimen175
\TX@old@table=\dimen176
\TX@old@col=\dimen177
\TX@target=\dimen178
\TX@delta=\dimen179
\TX@cols=\count291
\TX@ftn=\toks24
)
(/usr/share/texmf-dist/tex/latex/booktabs/booktabs.sty
Package: booktabs 2020/01/12 v1.61803398 Publication quality tables
\heavyrulewidth=\dimen180
\lightrulewidth=\dimen181
\cmidrulewidth=\dimen182
\belowrulesep=\dimen183
\belowbottomsep=\dimen184
\aboverulesep=\dimen185
\abovetopsep=\dimen186
\cmidrulesep=\dimen187
\cmidrulekern=\dimen188
\defaultaddspace=\dimen189
\@cmidla=\count292
\@cmidlb=\count293
\@aboverulesep=\dimen190
\@belowrulesep=\dimen191
\@thisruleclass=\count294
\@lastruleclass=\count295
\@thisrulewidth=\dimen192
)
(/usr/share/texmf-dist/tex/latex/l3backend/l3backend-pdftex.def
File: l3backend-pdftex.def 2023-01-16 L3 backend support: PDF output (pdfTeX)
\l__color_backend_stack_int=\count296
\l__pdf_internal_box=\box55
)
(./nwt2ue5_Thomas_Brandstetter_Jakob_Mayr.aux

LaTeX Warning: Label `tab:commands' multiply defined.


LaTeX Warning: Label `tab:commands' multiply defined.


LaTeX Warning: Label `tab:commands' multiply defined.

)
\openout1 = `nwt2ue5_Thomas_Brandstetter_Jakob_Mayr.aux'.

LaTeX Font Info:    Checking defaults for OML/cmm/m/it on input line 19.
LaTeX Font Info:    ... okay on input line 19.
LaTeX Font Info:    Checking defaults for OMS/cmsy/m/n on input line 19.
LaTeX Font Info:    ... okay on input line 19.
LaTeX Font Info:    Checking defaults for OT1/cmr/m/n on input line 19.
LaTeX Font Info:    ... okay on input line 19.
LaTeX Font Info:    Checking defaults for T1/cmr/m/n on input line 19.
LaTeX Font Info:    ... okay on input line 19.
LaTeX Font Info:    Checking defaults for TS1/cmr/m/n on input line 19.
LaTeX Font Info:    ... okay on input line 19.
LaTeX Font Info:    Checking defaults for OMX/cmex/m/n on input line 19.
LaTeX Font Info:    ... okay on input line 19.
LaTeX Font Info:    Checking defaults for U/cmr/m/n on input line 19.
LaTeX Font Info:    ... okay on input line 19.
LaTeX Font Info:    Checking defaults for PD1/pdf/m/n on input line 19.
LaTeX Font Info:    ... okay on input line 19.
LaTeX Font Info:    Checking defaults for PU/pdf/m/n on input line 19.
LaTeX Font Info:    ... okay on input line 19.

*geometry* driver: auto-detecting
*geometry* detected driver: pdftex
*geometry* verbose mode - [ preamble ] result:
* driver: pdftex
* paper: letterpaper
* layout: <same size as paper>
* layoutoffset:(h,v)=(0.0pt,0.0pt)
* modes: 
* h-part:(L,W,R)=(85.35826pt, 443.57848pt, 85.35826pt)
* v-part:(T,H,B)=(56.9055pt, 681.15898pt, 56.9055pt)
* \paperwidth=614.295pt
* \paperheight=794.96999pt
* \textwidth=443.57848pt
* \textheight=681.15898pt
* \oddsidemargin=13.08827pt
* \evensidemargin=13.08827pt
* \topmargin=-52.36449pt
* \headheight=12.0pt
* \headsep=25.0pt
* \topskip=10.0pt
* \footskip=30.0pt
* \marginparwidth=49.79231pt
* \marginparsep=11.0pt
* \columnsep=10.0pt
* \skip\footins=9.0pt plus 4.0pt minus 2.0pt
* \hoffset=0.0pt
* \voffset=0.0pt
* \mag=1000
* \@twocolumnfalse
* \@twosidefalse
* \@mparswitchfalse
* \@reversemarginfalse
* (1in=72.27pt=25.4mm, 1cm=28.453pt)

(/usr/share/texmf-dist/tex/context/base/mkii/supp-pdf.mkii
[Loading MPS to PDF converter (version 2006.09.02).]
\scratchcounter=\count297
\scratchdimen=\dimen193
\scratchbox=\box56
\nofMPsegments=\count298
\nofMParguments=\count299
\everyMPshowfont=\toks25
\MPscratchCnt=\count300
\MPscratchDim=\dimen194
\MPnumerator=\count301
\makeMPintoPDFobject=\count302
\everyMPtoPDFconversion=\toks26
) (/usr/share/texmf-dist/tex/latex/epstopdf-pkg/epstopdf-base.sty
Package: epstopdf-base 2020-01-24 v2.11 Base part for package epstopdf
Package epstopdf-base Info: Redefining graphics rule for `.eps' on input line 4
85.

(/usr/share/texmf-dist/tex/latex/latexconfig/epstopdf-sys.cfg
File: epstopdf-sys.cfg 2010/07/13 v1.3 Configuration of (r)epstopdf for TeX Liv
e
))
Package caption Info: Begin \AtBeginDocument code.
Package caption Info: hyperref package is loaded.
Package caption Info: End \AtBeginDocument code.

(/usr/share/texmf-dist/tex/latex/graphics/color.sty
Package: color 2022/01/06 v1.3d Standard LaTeX Color (DPC)

(/usr/share/texmf-dist/tex/latex/graphics-cfg/color.cfg
File: color.cfg 2016/01/02 v1.6 sample color configuration
)
Package color Info: Driver file: pdftex.def on input line 149.

(/usr/share/texmf-dist/tex/latex/graphics/mathcolor.ltx))
Package hyperref Info: Link coloring ON on input line 19.

(./nwt2ue5_Thomas_Brandstetter_Jakob_Mayr.out)
(./nwt2ue5_Thomas_Brandstetter_Jakob_Mayr.out)
\@outlinefile=\write3
\openout3 = `nwt2ue5_Thomas_Brandstetter_Jakob_Mayr.out'.

<Arbeitsergebnisse/PC41/pc41_IPv4_config.png, id=40, 301.125pt x 341.77687pt>
File: Arbeitsergebnisse/PC41/pc41_IPv4_config.png Graphic file (type png)
<use Arbeitsergebnisse/PC41/pc41_IPv4_config.png>
Package pdftex.def Info: Arbeitsergebnisse/PC41/pc41_IPv4_config.png  used on i
nput line 29.
(pdftex.def)             Requested size: 88.71434pt x 100.69292pt.
<Arbeitsergebnisse/PC41/pc41_IPv6_config.png, id=42, 407.02063pt x 342.27875pt>

File: Arbeitsergebnisse/PC41/pc41_IPv6_config.png Graphic file (type png)
<use Arbeitsergebnisse/PC41/pc41_IPv6_config.png>
Package pdftex.def Info: Arbeitsergebnisse/PC41/pc41_IPv6_config.png  used on i
nput line 34.
(pdftex.def)             Requested size: 88.71434pt x 74.6017pt.
<Arbeitsergebnisse/PC42/pc42_IPv4_config.png, id=43, 301.125pt x 341.77687pt>
File: Arbeitsergebnisse/PC42/pc42_IPv4_config.png Graphic file (type png)
<use Arbeitsergebnisse/PC42/pc42_IPv4_config.png>
Package pdftex.def Info: Arbeitsergebnisse/PC42/pc42_IPv4_config.png  used on i
nput line 39.
(pdftex.def)             Requested size: 88.71434pt x 100.69292pt.
<Arbeitsergebnisse/PC42/pc42_IPv6_config.png, id=44, 407.02063pt x 341.77687pt>

File: Arbeitsergebnisse/PC42/pc42_IPv6_config.png Graphic file (type png)
<use Arbeitsergebnisse/PC42/pc42_IPv6_config.png>
Package pdftex.def Info: Arbeitsergebnisse/PC42/pc42_IPv6_config.png  used on i
nput line 44.
(pdftex.def)             Requested size: 88.71434pt x 74.49231pt.
 [1

{/var/lib/texmf/fonts/map/pdftex/updmap/pdftex.map}{/usr/share/texmf-dist/fonts
/enc/dvips/cm-super/cm-super-t1.enc} <./Arbeitsergebnisse/PC41/pc41_ipv4_config
.png> <./Arbeitsergebnisse/PC41/pc41_ipv6_config.png> <./Arbeitsergebnisse/PC42
/pc42_ipv4_config.png> <./Arbeitsergebnisse/PC42/pc42_ipv6_config.png>]
Underfull \hbox (badness 10000) in paragraph at lines 55--57

 []


Underfull \hbox (badness 10000) in paragraph at lines 75--75
[]|\T1/cmr/m/n/10 ipv6 ad-dress <ipv6-address/ipv6-address-
 []


Underfull \hbox (badness 2012) in paragraph at lines 75--75
[]|\T1/cmr/m/n/10 ipv6 rou-te <network-number/network-mask>
 []


Underfull \hbox (badness 10000) in paragraph at lines 79--83

 []


Underfull \hbox (badness 10000) in paragraph at lines 107--108

 []

[2]
Underfull \hbox (badness 10000) in paragraph at lines 128--130

 []


Underfull \hbox (badness 10000) in paragraph at lines 143--143
[]|\T1/cmr/m/n/10 port-channel load-balance <load-balancind-
 []


Underfull \hbox (badness 1924) in paragraph at lines 143--143
\T1/cmr/m/n/10 dem je-wei-li-gen load-balancing-mode kon-fi-gu-
 []


Underfull \hbox (badness 10000) in paragraph at lines 143--143
[]|\T1/cmr/m/n/10 channel-group <num-ber> mo-de <ak-
 []


Underfull \hbox (badness 2173) in paragraph at lines 164--164
[]|\T1/cmr/m/n/10 monitor ses-si-on <num-ber> sour-ce in-ter-face
 []


Underfull \hbox (badness 10000) in paragraph at lines 164--164
[]|\T1/cmr/m/n/10 channel-group <num-ber> mo-de <ak-
 []

[3]
Underfull \hbox (badness 10000) in paragraph at lines 175--176

 []


Underfull \hbox (badness 10000) in paragraph at lines 177--178

 []


Underfull \hbox (badness 10000) in paragraph at lines 181--182

 []


Underfull \hbox (badness 10000) in paragraph at lines 184--185

 []


Underfull \hbox (badness 10000) in paragraph at lines 186--187

 []


Underfull \hbox (badness 10000) in paragraph at lines 188--189

 []

[4{/usr/share/texmf-dist/fonts/enc/dvips/cm-super/cm-super-ts1.enc}]
Underfull \hbox (badness 10000) in paragraph at lines 193--194

 []


Underfull \hbox (badness 10000) in paragraph at lines 196--197

 []


Underfull \hbox (badness 10000) in paragraph at lines 198--199

 []

[5]
<Arbeitsergebnisse/GS41/GS41_etherchannel.png, id=89, 342.27875pt x 123.96312pt
>
File: Arbeitsergebnisse/GS41/GS41_etherchannel.png Graphic file (type png)
<use Arbeitsergebnisse/GS41/GS41_etherchannel.png>
Package pdftex.def Info: Arbeitsergebnisse/GS41/GS41_etherchannel.png  used on 
input line 208.
(pdftex.def)             Requested size: 199.60895pt x 72.29398pt.

Underfull \hbox (badness 4328) in paragraph at lines 209--209
[]\T1/cmr/m/n/10 Abbildung 5: |GS41 Ether-Chan-nel Load-
 []

File: Arbeitsergebnisse/GS41/GS41_etherchannel.png Graphic file (type png)
<use Arbeitsergebnisse/GS41/GS41_etherchannel.png>
Package pdftex.def Info: Arbeitsergebnisse/GS41/GS41_etherchannel.png  used on 
input line 213.
(pdftex.def)             Requested size: 199.60895pt x 72.29398pt.

Underfull \hbox (badness 4328) in paragraph at lines 214--214
[]\T1/cmr/m/n/10 Abbildung 6: |GS41 Ether-Chan-nel Load-
 []

[6 <./Arbeitsergebnisse/GS41/gs41_etherchannel.png>]
<Arbeitsergebnisse/PC41/pc41_ping_pc42.png, id=96, 334.75063pt x 364.86313pt>
File: Arbeitsergebnisse/PC41/pc41_ping_pc42.png Graphic file (type png)
<use Arbeitsergebnisse/PC41/pc41_ping_pc42.png>
Package pdftex.def Info: Arbeitsergebnisse/PC41/pc41_ping_pc42.png  used on inp
ut line 224.
(pdftex.def)             Requested size: 110.8946pt x 120.87285pt.
<Arbeitsergebnisse/PC41/pc41_ping_failed.png, id=97, 387.94937pt x 312.66812pt>

File: Arbeitsergebnisse/PC41/pc41_ping_failed.png Graphic file (type png)
<use Arbeitsergebnisse/PC41/pc41_ping_failed.png>
Package pdftex.def Info: Arbeitsergebnisse/PC41/pc41_ping_failed.png  used on i
nput line 229.
(pdftex.def)             Requested size: 110.8946pt x 89.37373pt.

Underfull \hbox (badness 10000) in paragraph at lines 231--232
[]\T1/cmr/m/n/10 Dieser fehl-ge-schla-ge-ne
 []


Underfull \hbox (badness 10000) in paragraph at lines 231--232

 []

<Arbeitsergebnisse/PC41/pc41_ftp.png, id=98, 498.86375pt x 349.80687pt>
File: Arbeitsergebnisse/PC41/pc41_ftp.png Graphic file (type png)
<use Arbeitsergebnisse/PC41/pc41_ftp.png>
Package pdftex.def Info: Arbeitsergebnisse/PC41/pc41_ftp.png  used on input lin
e 235.
(pdftex.def)             Requested size: 110.8946pt x 77.75839pt.
<Arbeitsergebnisse/PC42/pc42_ping_PC41.png, id=99, 736.25063pt x 384.43625pt>
File: Arbeitsergebnisse/PC42/pc42_ping_PC41.png Graphic file (type png)
<use Arbeitsergebnisse/PC42/pc42_ping_PC41.png>
Package pdftex.def Info: Arbeitsergebnisse/PC42/pc42_ping_PC41.png  used on inp
ut line 245.
(pdftex.def)             Requested size: 110.8946pt x 57.90344pt.
<Arbeitsergebnisse/PC42/pc42_ping_failed.png, id=100, 736.25063pt x 384.43625pt
>
File: Arbeitsergebnisse/PC42/pc42_ping_failed.png Graphic file (type png)
<use Arbeitsergebnisse/PC42/pc42_ping_failed.png>
Package pdftex.def Info: Arbeitsergebnisse/PC42/pc42_ping_failed.png  used on i
nput line 250.
(pdftex.def)             Requested size: 110.8946pt x 57.90344pt.

Underfull \hbox (badness 10000) in paragraph at lines 252--253
[]\T1/cmr/m/n/10 Dieser fehl-ge-schla-ge-ne
 []


Underfull \hbox (badness 10000) in paragraph at lines 252--253

 []

<Arbeitsergebnisse/PC42/pc42_ftp.png, id=101, 676.5275pt x 384.43625pt>
File: Arbeitsergebnisse/PC42/pc42_ftp.png Graphic file (type png)
<use Arbeitsergebnisse/PC42/pc42_ftp.png>
Package pdftex.def Info: Arbeitsergebnisse/PC42/pc42_ftp.png  used on input lin
e 256.
(pdftex.def)             Requested size: 110.8946pt x 63.01276pt.

Underfull \hbox (badness 10000) in paragraph at lines 257--257
[]\T1/cmr/m/n/10 Abbildung 12: |PC42
 []

[7 <./Arbeitsergebnisse/PC41/pc41_ping_pc42.png> <./Arbeitsergebnisse/PC41/pc41
_ping_failed.png> <./Arbeitsergebnisse/PC41/pc41_ftp.png> <./Arbeitsergebnisse/
PC42/pc42_ping_pc41.png> <./Arbeitsergebnisse/PC42/pc42_ping_failed.png> <./Arb
eitsergebnisse/PC42/pc42_ftp.png>]
(./nwt2ue5_Thomas_Brandstetter_Jakob_Mayr.aux)

LaTeX Warning: There were multiply-defined labels.

Package rerunfilecheck Info: File `nwt2ue5_Thomas_Brandstetter_Jakob_Mayr.out' 
has not changed.
(rerunfilecheck)             Checksum: 18C4F4A0A844E01510659D3FEE1C0DA3;1423.
 ) 
Here is how much of TeX's memory you used:
 12381 strings out of 476025
 201858 string characters out of 5796532
 1865388 words of memory out of 5000000
 32638 multiletter control sequences out of 15000+600000
 521876 words of font info for 54 fonts, out of 8000000 for 9000
 1141 hyphenation exceptions out of 8191
 75i,10n,77p,745b,475s stack positions out of 5000i,500n,10000p,200000b,80000s
</usr/share/texmf-dist/fonts/type1/public/amsfonts/cm/cmsy10.pfb></usr/share/
texmf-dist/fonts/type1/public/cm-super/sfbx1000.pfb></usr/share/texmf-dist/font
s/type1/public/cm-super/sfbx1200.pfb></usr/share/texmf-dist/fonts/type1/public/
cm-super/sfbx1440.pfb></usr/share/texmf-dist/fonts/type1/public/cm-super/sfrm10
00.pfb></usr/share/texmf-dist/fonts/type1/public/cm-super/sfrm1200.pfb></usr/sh
are/texmf-dist/fonts/type1/public/cm-super/sfrm1728.pfb>
Output written on nwt2ue5_Thomas_Brandstetter_Jakob_Mayr.pdf (7 pages, 785942 b
ytes).
PDF statistics:
 160 PDF objects out of 1000 (max. 8388607)
 112 compressed objects within 2 object streams
 31 named destinations out of 1000 (max. 500000)
 128 words of extra memory for PDF output out of 10000 (max. 10000000)

